2023-09-19T21:11:08.868+0800	INFO	qlog/log.go:48	123
2023-09-20T00:35:32.991+0800	INFO	qlog/log.go:48	123
2023-09-20T00:36:24.418+0800	INFO	qlog/log.go:48	123
2023-09-20T00:56:58.127+0800	INFO	qlog/log.go:48	123
2023-09-20T01:14:34.145+0800	INFO	qlog/log.go:48	123
2023-09-20T01:15:20.841+0800	INFO	qlog/log.go:48	123
2023-09-20T01:15:32.684+0800	INFO	qlog/log.go:48	123
2023-09-20T01:15:38.124+0800	INFO	qlog/log.go:48	123
2023-09-20T01:16:10.445+0800	INFO	qlog/log.go:48	123
2023-09-20T01:18:30.183+0800	INFO	qlog/log.go:48	123
2023-09-20T01:18:59.694+0800	INFO	qlog/log.go:48	123
2023-09-20T01:21:22.903+0800	INFO	qlog/log.go:48	123
2023-09-20T01:21:22.952+0800	INFO	qlog/log.go:48	123
2023-09-20T01:22:07.059+0800	INFO	qlog/log.go:48	123
2023-09-20T01:26:31.814+0800	INFO	qlog/log.go:48	123
2023-09-20T01:26:51.276+0800	INFO	qlog/log.go:48	123
2023-09-20T01:28:03.526+0800	INFO	qlog/log.go:48	123
2023-09-20T01:28:21.923+0800	INFO	qlog/log.go:48	123
2023-09-20T01:29:31.509+0800	INFO	qlog/log.go:48	123
2023-09-20T01:30:12.964+0800	INFO	qlog/log.go:48	123
2023-09-20T01:31:17.377+0800	INFO	middleware/httplogging.go:59	{
    "app_id":"aaa",
    "user_id":"bbbb",
    "key":"name",
    "value":"qsl"
}{"code":0,"msg":"success","data":null}
2023-09-20T01:31:54.836+0800	INFO	middleware/httplogging.go:59	{
    "app_id":"aaa",
    "user_id":"bbbb",
    "key":"name",
    "value":"qsl"
}{"code":0,"msg":"success","data":null}
2023-09-20T01:35:20.245+0800	INFO	middleware/httplogging.go:59	{
    "app_id":"aaa",
    "user_id":"bbbb",
    "key":"name",
    "value":"qsl"
}{"code":0,"msg":"success","data":null}
123123
2023-09-20T01:36:07.715+0800	INFO	middleware/httplogging.go:59	{
    "app_id":"aaa",
    "user_id":"bbbb",
    "key":"name",
    "value":"qsl"
}{"code":0,"msg":"success","data":null}
2023-09-20T01:37:08.048+0800	INFO	middleware/httplogging.go:59	{
    "app_id":"aaa",
    "user_id":"bbbb",
    "key":"name",
    "value":"qsl"
}{"code":0,"msg":"success","data":null}
2023-09-20T01:38:38.690+0800	INFO	middleware/httplogging.go:59	{
    "app_id":"aaa",
    "user_id":"bbbb",
    "key":"name",
    "value":"qsl"
}{"code":0,"msg":"success","data":null}
